<?xml version="1.0" encoding="UTF-8"?>
<!-- Generated by org.testng.reporters.JUnitReportReporter -->
<testsuite hostname="DESKTOP-EPTAK7C" failures="0" tests="1" name="test.Saudopgm" time="3.925" errors="0" timestamp="2023-10-10T23:39:48 IST" skipped="0">
  <testcase classname="test.Saudopgm" name="test1" time="3.925"/>
</testsuite> <!-- test.Saudopgm -->
