<?xml version="1.0" encoding="UTF-8"?>
<!-- Generated by org.testng.reporters.JUnitReportReporter -->
<testsuite hostname="DESKTOP-EPTAK7C" failures="0" tests="1" name="mtest.MarineTest" time="14.332" errors="0" timestamp="2023-10-15T10:46:56 IST" skipped="0">
  <testcase classname="mtest.MarineTest" name="test1" time="14.332"/>
</testsuite> <!-- mtest.MarineTest -->
