<?xml version="1.0" encoding="UTF-8"?>
<!-- Generated by org.testng.reporters.JUnitReportReporter -->
<testsuite hostname="DESKTOP-EPTAK7C" failures="0" tests="1" name="test.SourceTest" time="4.066" errors="0" timestamp="2023-10-11T00:33:58 IST" skipped="0">
  <testcase classname="test.SourceTest" name="test1" time="4.066"/>
</testsuite> <!-- test.SourceTest -->
