<?xml version="1.0" encoding="UTF-8"?>
<!-- Generated by org.testng.reporters.JUnitReportReporter -->
<testsuite hostname="DESKTOP-EPTAK7C" failures="0" tests="1" name="mtest.MTest" time="13.554" errors="0" timestamp="2023-10-27T20:08:45 IST" skipped="0">
  <testcase classname="mtest.MTest" name="test1" time="13.554"/>
</testsuite> <!-- mtest.MTest -->
