<?xml version="1.0" encoding="UTF-8"?>
<!-- Generated by org.testng.reporters.JUnitReportReporter -->
<testsuite hostname="DESKTOP-EPTAK7C" failures="0" tests="1" name="Test1.ClearTest" time="26.913" errors="0" timestamp="2023-11-05T15:46:11 IST" skipped="0">
  <testcase classname="Test1.ClearTest" name="rent" time="26.913"/>
</testsuite> <!-- Test1.ClearTest -->
