<?xml version="1.0" encoding="UTF-8"?>
<!-- Generated by org.testng.reporters.JUnitReportReporter -->
<testsuite hostname="DESKTOP-EPTAK7C" failures="0" tests="1" name="Test1.Thomascook" time="8.865" errors="0" timestamp="2023-10-28T10:52:00 IST" skipped="0">
  <testcase classname="Test1.Thomascook" name="login" time="8.865"/>
</testsuite> <!-- Test1.Thomascook -->
