<?xml version="1.0" encoding="UTF-8"?>
<!-- Generated by org.testng.reporters.JUnitReportReporter -->
<testsuite hostname="DESKTOP-EPTAK7C" failures="0" tests="1" name="ttest.Trivagotest" time="18.889" errors="0" timestamp="2023-10-28T09:00:00 IST" skipped="0">
  <testcase classname="ttest.Trivagotest" name="testing" time="18.889"/>
</testsuite> <!-- ttest.Trivagotest -->
